2024/5/8 20:32:26 [EXIT] 退出客户端
2024/5/8 21:12:01 [INFO] 成功与服务器建立连接
2024/5/8 21:12:01 [INFO] 消息接收循环开始
2024/5/8 21:12:01 [LOGIN] 密钥验证通过，IMAP与SMTP服务器准许登入
2024/5/8 21:12:01 [GET] 请求访问收件箱
2024/5/8 21:12:01 [GET] 请求访问草稿箱
2024/5/8 21:12:02 [INFO] 准备接收收件箱
2024/5/8 21:12:02 [INFO] 准备接收邮件
2024/5/8 21:12:02 [OBTAIN] 正在接收信息
2024/5/8 21:12:02 [INFO] 邮件接收完毕
2024/5/8 21:12:02 [INFO] 准备接收邮件
2024/5/8 21:12:02 [OBTAIN] 正在接收信息
2024/5/8 21:12:02 [INFO] 邮件接收完毕
2024/5/8 21:12:02 [INFO] 准备接收邮件
2024/5/8 21:12:02 [OBTAIN] 正在接收信息
2024/5/8 21:12:02 [INFO] 邮件接收完毕
2024/5/8 21:12:02 [INFO] 准备接收邮件
2024/5/8 21:12:02 [OBTAIN] 正在接收信息
2024/5/8 21:12:02 [INFO] 邮件接收完毕
2024/5/8 21:12:02 [INFO] 准备接收邮件
2024/5/8 21:12:02 [OBTAIN] 正在接收信息
2024/5/8 21:12:02 [INFO] 邮件接收完毕
2024/5/8 21:12:02 [INFO] 收件箱接收完毕正在向数据表中添加
2024/5/8 21:12:02 [INFO] 添加完毕
2024/5/8 21:12:02 [INFO] 准备接收草稿箱
2024/5/8 21:12:02 [INFO] 准备接收邮件
2024/5/8 21:12:02 [OBTAIN] 正在接收信息
2024/5/8 21:12:02 [INFO] 邮件接收完毕
2024/5/8 21:12:02 [INFO] 准备接收邮件
2024/5/8 21:12:02 [OBTAIN] 正在接收信息
2024/5/8 21:12:02 [INFO] 邮件接收完毕
2024/5/8 21:12:02 [INFO] 草稿箱接收完毕，正在向数据表中添加
2024/5/8 21:12:02 [INFO] 添加完毕
2024/5/8 21:12:47 [EXIT] 退出客户端
2024/5/8 21:15:09 [INFO] 成功与服务器建立连接
2024/5/8 21:15:09 [INFO] 消息接收循环开始
2024/5/8 21:15:09 [LOGIN] 密钥验证通过，IMAP与SMTP服务器准许登入
2024/5/8 21:15:09 [GET] 请求访问收件箱
2024/5/8 21:15:09 [GET] 请求访问草稿箱
2024/5/8 21:15:10 [INFO] 准备接收收件箱
2024/5/8 21:15:10 [INFO] 准备接收邮件
2024/5/8 21:15:10 [OBTAIN] 正在接收信息
2024/5/8 21:15:10 [INFO] 邮件接收完毕
2024/5/8 21:15:10 [INFO] 准备接收邮件
2024/5/8 21:15:10 [OBTAIN] 正在接收信息
2024/5/8 21:15:10 [INFO] 邮件接收完毕
2024/5/8 21:15:10 [INFO] 准备接收邮件
2024/5/8 21:15:10 [OBTAIN] 正在接收信息
2024/5/8 21:15:10 [INFO] 邮件接收完毕
2024/5/8 21:15:10 [INFO] 准备接收邮件
2024/5/8 21:15:10 [OBTAIN] 正在接收信息
2024/5/8 21:15:10 [INFO] 邮件接收完毕
2024/5/8 21:15:10 [INFO] 准备接收邮件
2024/5/8 21:15:10 [OBTAIN] 正在接收信息
2024/5/8 21:15:10 [INFO] 邮件接收完毕
2024/5/8 21:15:10 [INFO] 收件箱接收完毕正在向数据表中添加
2024/5/8 21:15:10 [INFO] 添加完毕
2024/5/8 21:15:10 [INFO] 准备接收草稿箱
2024/5/8 21:15:10 [INFO] 准备接收邮件
2024/5/8 21:15:10 [OBTAIN] 正在接收信息
2024/5/8 21:15:10 [INFO] 邮件接收完毕
2024/5/8 21:15:10 [INFO] 准备接收邮件
2024/5/8 21:15:10 [OBTAIN] 正在接收信息
2024/5/8 21:15:10 [INFO] 邮件接收完毕
2024/5/8 21:15:10 [INFO] 草稿箱接收完毕，正在向数据表中添加
2024/5/8 21:15:10 [INFO] 添加完毕
2024/5/8 21:15:37 [EXIT] 退出客户端
2024/5/9 18:57:59 [LOGIN] 成功与服务器建立连接
2024/5/9 18:57:59 [INFO] 消息接收循环开始
2024/5/9 18:57:59 [GET] 密钥验证通过，IMAP与SMTP服务器准许登入
2024/5/9 18:57:59 [GET] 请求访问收件箱
2024/5/9 18:57:59 [GET] 请求访问草稿箱
2024/5/9 18:58:00 [INFO] 准备接收收件箱
2024/5/9 18:58:00 [INFO] 准备接收邮件
2024/5/9 18:58:00 [OBTAIN] 正在接收信息
2024/5/9 18:58:00 [INFO] 邮件接收完毕
2024/5/9 18:58:00 [INFO] 准备接收邮件
2024/5/9 18:58:00 [OBTAIN] 正在接收信息
2024/5/9 18:58:00 [INFO] 邮件接收完毕
2024/5/9 18:58:00 [INFO] 准备接收邮件
2024/5/9 18:58:00 [OBTAIN] 正在接收信息
2024/5/9 18:58:00 [INFO] 邮件接收完毕
2024/5/9 18:58:00 [INFO] 准备接收邮件
2024/5/9 18:58:00 [OBTAIN] 正在接收信息
2024/5/9 18:58:00 [INFO] 邮件接收完毕
2024/5/9 18:58:00 [INFO] 准备接收邮件
2024/5/9 18:58:00 [OBTAIN] 正在接收信息
2024/5/9 18:58:00 [INFO] 邮件接收完毕
2024/5/9 18:58:00 [INFO] 准备接收邮件
2024/5/9 18:58:00 [OBTAIN] 正在接收信息
2024/5/9 18:58:00 [INFO] 邮件接收完毕
2024/5/9 18:58:00 [INFO] 准备接收邮件
2024/5/9 18:58:00 [OBTAIN] 正在接收信息
2024/5/9 18:58:00 [INFO] 邮件接收完毕
2024/5/9 18:58:00 [INFO] 准备接收邮件
2024/5/9 18:58:00 [OBTAIN] 正在接收信息
2024/5/9 18:58:00 [INFO] 邮件接收完毕
2024/5/9 18:58:00 [INFO] 准备接收邮件
2024/5/9 18:58:00 [OBTAIN] 正在接收信息
2024/5/9 18:58:00 [INFO] 邮件接收完毕
2024/5/9 18:58:00 [INFO] 准备接收邮件
2024/5/9 18:58:00 [OBTAIN] 正在接收信息
2024/5/9 18:58:00 [INFO] 邮件接收完毕
2024/5/9 18:58:00 [INFO] 收件箱接收完毕正在向数据表中添加
2024/5/9 18:58:00 [INFO] 添加完毕
2024/5/9 18:58:01 [INFO] 准备接收草稿箱
2024/5/9 18:58:01 [INFO] 准备接收邮件
2024/5/9 18:58:01 [OBTAIN] 正在接收信息
2024/5/9 18:58:01 [INFO] 邮件接收完毕
2024/5/9 18:58:01 [INFO] 准备接收邮件
2024/5/9 18:58:01 [OBTAIN] 正在接收信息
2024/5/9 18:58:01 [INFO] 邮件接收完毕
2024/5/9 18:58:01 [INFO] 草稿箱接收完毕，正在向数据表中添加
2024/5/9 18:58:01 [INFO] 添加完毕
2024/5/9 19:05:09 [EXIT] 退出客户端
2024/5/10 10:55:21 [LOGIN] 成功与服务器建立连接
2024/5/10 10:55:21 [INFO] 消息接收循环开始
2024/5/10 10:55:21 [GET] 密钥验证通过，IMAP与SMTP服务器准许登入
2024/5/10 10:55:21 [GET] 请求访问收件箱
2024/5/10 10:55:21 [GET] 请求访问草稿箱
2024/5/10 10:55:23 [INFO] 准备接收收件箱
2024/5/10 10:55:23 [INFO] 准备接收邮件
2024/5/10 10:55:23 [OBTAIN] 正在接收信息
2024/5/10 10:55:23 [INFO] 邮件接收完毕
2024/5/10 10:55:23 [INFO] 准备接收邮件
2024/5/10 10:55:23 [OBTAIN] 正在接收信息
2024/5/10 10:55:23 [INFO] 邮件接收完毕
2024/5/10 10:55:23 [INFO] 准备接收邮件
2024/5/10 10:55:23 [OBTAIN] 正在接收信息
2024/5/10 10:55:23 [INFO] 邮件接收完毕
2024/5/10 10:55:23 [INFO] 准备接收邮件
2024/5/10 10:55:23 [OBTAIN] 正在接收信息
2024/5/10 10:55:23 [INFO] 邮件接收完毕
2024/5/10 10:55:23 [INFO] 准备接收邮件
2024/5/10 10:55:23 [OBTAIN] 正在接收信息
2024/5/10 10:55:23 [INFO] 邮件接收完毕
2024/5/10 10:55:23 [INFO] 准备接收邮件
2024/5/10 10:55:23 [OBTAIN] 正在接收信息
2024/5/10 10:55:23 [INFO] 邮件接收完毕
2024/5/10 10:55:23 [INFO] 准备接收邮件
2024/5/10 10:55:23 [OBTAIN] 正在接收信息
2024/5/10 10:55:23 [INFO] 邮件接收完毕
2024/5/10 10:55:23 [INFO] 准备接收邮件
2024/5/10 10:55:23 [OBTAIN] 正在接收信息
2024/5/10 10:55:23 [INFO] 邮件接收完毕
2024/5/10 10:55:23 [INFO] 准备接收邮件
2024/5/10 10:55:23 [OBTAIN] 正在接收信息
2024/5/10 10:55:23 [INFO] 邮件接收完毕
2024/5/10 10:55:23 [INFO] 准备接收邮件
2024/5/10 10:55:23 [OBTAIN] 正在接收信息
2024/5/10 10:55:23 [INFO] 邮件接收完毕
2024/5/10 10:55:23 [INFO] 收件箱接收完毕正在向数据表中添加
2024/5/10 10:55:23 [INFO] 添加完毕
2024/5/10 10:55:23 [INFO] 准备接收草稿箱
2024/5/10 10:55:23 [INFO] 准备接收邮件
2024/5/10 10:55:23 [OBTAIN] 正在接收信息
2024/5/10 10:55:23 [INFO] 邮件接收完毕
2024/5/10 10:55:23 [INFO] 准备接收邮件
2024/5/10 10:55:23 [OBTAIN] 正在接收信息
2024/5/10 10:55:23 [INFO] 邮件接收完毕
2024/5/10 10:55:23 [INFO] 草稿箱接收完毕，正在向数据表中添加
2024/5/10 10:55:23 [INFO] 添加完毕
2024/5/10 11:02:20 [EXIT] 退出客户端
2024/5/10 11:04:37 [LOGIN] 成功与服务器建立连接
2024/5/10 11:04:37 [INFO] 消息接收循环开始
2024/5/10 11:04:37 [GET] 密钥验证通过，IMAP与SMTP服务器准许登入
2024/5/10 11:04:37 [GET] 请求访问收件箱
2024/5/10 11:04:37 [GET] 请求访问草稿箱
2024/5/10 11:04:39 [INFO] 准备接收收件箱
2024/5/10 11:04:39 [INFO] 准备接收邮件
2024/5/10 11:04:39 [OBTAIN] 正在接收信息
2024/5/10 11:04:39 [INFO] 邮件接收完毕
2024/5/10 11:04:39 [INFO] 准备接收邮件
2024/5/10 11:04:39 [OBTAIN] 正在接收信息
2024/5/10 11:04:39 [INFO] 邮件接收完毕
2024/5/10 11:04:39 [INFO] 准备接收邮件
2024/5/10 11:04:39 [OBTAIN] 正在接收信息
2024/5/10 11:04:39 [INFO] 邮件接收完毕
2024/5/10 11:04:39 [INFO] 准备接收邮件
2024/5/10 11:04:39 [OBTAIN] 正在接收信息
2024/5/10 11:04:39 [INFO] 邮件接收完毕
2024/5/10 11:04:39 [INFO] 准备接收邮件
2024/5/10 11:04:39 [OBTAIN] 正在接收信息
2024/5/10 11:04:39 [INFO] 邮件接收完毕
2024/5/10 11:04:39 [INFO] 准备接收邮件
2024/5/10 11:04:39 [OBTAIN] 正在接收信息
2024/5/10 11:04:39 [INFO] 邮件接收完毕
2024/5/10 11:04:39 [INFO] 准备接收邮件
2024/5/10 11:04:39 [OBTAIN] 正在接收信息
2024/5/10 11:04:39 [INFO] 邮件接收完毕
2024/5/10 11:04:39 [INFO] 准备接收邮件
2024/5/10 11:04:39 [OBTAIN] 正在接收信息
2024/5/10 11:04:39 [INFO] 邮件接收完毕
2024/5/10 11:04:39 [INFO] 准备接收邮件
2024/5/10 11:04:39 [OBTAIN] 正在接收信息
2024/5/10 11:04:39 [INFO] 邮件接收完毕
2024/5/10 11:04:39 [INFO] 准备接收邮件
2024/5/10 11:04:39 [OBTAIN] 正在接收信息
2024/5/10 11:04:39 [INFO] 邮件接收完毕
2024/5/10 11:04:39 [INFO] 准备接收邮件
2024/5/10 11:04:39 [OBTAIN] 正在接收信息
2024/5/10 11:04:39 [INFO] 邮件接收完毕
2024/5/10 11:04:39 [INFO] 收件箱接收完毕正在向数据表中添加
2024/5/10 11:04:39 [INFO] 添加完毕
2024/5/10 11:04:39 [INFO] 准备接收草稿箱
2024/5/10 11:04:39 [INFO] 准备接收邮件
2024/5/10 11:04:39 [OBTAIN] 正在接收信息
2024/5/10 11:04:39 [INFO] 邮件接收完毕
2024/5/10 11:04:39 [INFO] 准备接收邮件
2024/5/10 11:04:39 [OBTAIN] 正在接收信息
2024/5/10 11:04:39 [INFO] 邮件接收完毕
2024/5/10 11:04:39 [INFO] 草稿箱接收完毕，正在向数据表中添加
2024/5/10 11:04:39 [INFO] 添加完毕
2024/5/10 11:06:03 [INFO] 正在初始化邮件信息
2024/5/10 11:06:04 [INFO] 邮件初始化完毕
2024/5/10 11:06:04 [INFO] 邮件已发送
2024/5/10 11:06:07 [INFO] 邮件发送完毕
2024/5/10 11:06:10 [EXIT] 退出客户端
2024/5/10 11:06:21 [LOGIN] 成功与服务器建立连接
2024/5/10 11:06:21 [INFO] 消息接收循环开始
2024/5/10 11:06:21 [GET] 密钥验证通过，IMAP与SMTP服务器准许登入
2024/5/10 11:06:21 [GET] 请求访问收件箱
2024/5/10 11:06:21 [GET] 请求访问草稿箱
2024/5/10 11:06:23 [INFO] 准备接收收件箱
2024/5/10 11:06:23 [INFO] 准备接收邮件
2024/5/10 11:06:23 [OBTAIN] 正在接收信息
2024/5/10 11:06:23 [INFO] 邮件接收完毕
2024/5/10 11:06:23 [INFO] 准备接收邮件
2024/5/10 11:06:23 [OBTAIN] 正在接收信息
2024/5/10 11:06:23 [INFO] 邮件接收完毕
2024/5/10 11:06:23 [INFO] 准备接收邮件
2024/5/10 11:06:23 [OBTAIN] 正在接收信息
2024/5/10 11:06:23 [INFO] 邮件接收完毕
2024/5/10 11:06:23 [INFO] 准备接收邮件
2024/5/10 11:06:23 [OBTAIN] 正在接收信息
2024/5/10 11:06:23 [INFO] 邮件接收完毕
2024/5/10 11:06:23 [INFO] 准备接收邮件
2024/5/10 11:06:23 [OBTAIN] 正在接收信息
2024/5/10 11:06:23 [INFO] 邮件接收完毕
2024/5/10 11:06:23 [INFO] 准备接收邮件
2024/5/10 11:06:23 [OBTAIN] 正在接收信息
2024/5/10 11:06:23 [INFO] 邮件接收完毕
2024/5/10 11:06:23 [INFO] 准备接收邮件
2024/5/10 11:06:23 [OBTAIN] 正在接收信息
2024/5/10 11:06:23 [INFO] 邮件接收完毕
2024/5/10 11:06:23 [INFO] 准备接收邮件
2024/5/10 11:06:23 [OBTAIN] 正在接收信息
2024/5/10 11:06:23 [INFO] 邮件接收完毕
2024/5/10 11:06:23 [INFO] 准备接收邮件
2024/5/10 11:06:23 [OBTAIN] 正在接收信息
2024/5/10 11:06:23 [INFO] 邮件接收完毕
2024/5/10 11:06:23 [INFO] 准备接收邮件
2024/5/10 11:06:23 [OBTAIN] 正在接收信息
2024/5/10 11:06:23 [INFO] 邮件接收完毕
2024/5/10 11:06:23 [INFO] 准备接收邮件
2024/5/10 11:06:23 [OBTAIN] 正在接收信息
2024/5/10 11:06:23 [INFO] 邮件接收完毕
2024/5/10 11:06:23 [INFO] 准备接收邮件
2024/5/10 11:06:23 [OBTAIN] 正在接收信息
2024/5/10 11:06:23 [INFO] 邮件接收完毕
2024/5/10 11:06:23 [INFO] 收件箱接收完毕正在向数据表中添加
2024/5/10 11:06:23 [INFO] 添加完毕
2024/5/10 11:06:23 [INFO] 准备接收草稿箱
2024/5/10 11:06:23 [INFO] 准备接收邮件
2024/5/10 11:06:23 [OBTAIN] 正在接收信息
2024/5/10 11:06:23 [INFO] 邮件接收完毕
2024/5/10 11:06:23 [INFO] 准备接收邮件
2024/5/10 11:06:23 [OBTAIN] 正在接收信息
2024/5/10 11:06:23 [INFO] 邮件接收完毕
2024/5/10 11:06:23 [INFO] 草稿箱接收完毕，正在向数据表中添加
2024/5/10 11:06:23 [INFO] 添加完毕
2024/5/10 11:09:03 [INFO] 正在初始化邮件信息
2024/5/10 11:09:03 [INFO] 邮件初始化完毕
2024/5/10 11:09:03 [INFO] 邮件已发送
2024/5/10 11:09:07 [INFO] 邮件发送失败 - 原因:
2024/5/10 11:09:10 [EXIT] 退出客户端
2024/5/10 11:11:44 [LOGIN] 成功与服务器建立连接
2024/5/10 11:11:44 [INFO] 消息接收循环开始
2024/5/10 11:11:44 [GET] 密钥验证通过，IMAP与SMTP服务器准许登入
2024/5/10 11:11:44 [GET] 请求访问收件箱
2024/5/10 11:11:44 [GET] 请求访问草稿箱
2024/5/10 11:11:46 [INFO] 准备接收收件箱
2024/5/10 11:11:46 [INFO] 准备接收邮件
2024/5/10 11:11:46 [OBTAIN] 正在接收信息
2024/5/10 11:11:46 [INFO] 邮件接收完毕
2024/5/10 11:11:46 [INFO] 准备接收邮件
2024/5/10 11:11:46 [OBTAIN] 正在接收信息
2024/5/10 11:11:46 [INFO] 邮件接收完毕
2024/5/10 11:11:46 [INFO] 准备接收邮件
2024/5/10 11:11:46 [OBTAIN] 正在接收信息
2024/5/10 11:11:46 [INFO] 邮件接收完毕
2024/5/10 11:11:46 [INFO] 准备接收邮件
2024/5/10 11:11:46 [OBTAIN] 正在接收信息
2024/5/10 11:11:46 [INFO] 邮件接收完毕
2024/5/10 11:11:46 [INFO] 准备接收邮件
2024/5/10 11:11:46 [OBTAIN] 正在接收信息
2024/5/10 11:11:46 [INFO] 邮件接收完毕
2024/5/10 11:11:46 [INFO] 准备接收邮件
2024/5/10 11:11:46 [OBTAIN] 正在接收信息
2024/5/10 11:11:46 [INFO] 邮件接收完毕
2024/5/10 11:11:46 [INFO] 准备接收邮件
2024/5/10 11:11:46 [OBTAIN] 正在接收信息
2024/5/10 11:11:46 [INFO] 邮件接收完毕
2024/5/10 11:11:46 [INFO] 准备接收邮件
2024/5/10 11:11:46 [OBTAIN] 正在接收信息
2024/5/10 11:11:46 [INFO] 邮件接收完毕
2024/5/10 11:11:46 [INFO] 准备接收邮件
2024/5/10 11:11:46 [OBTAIN] 正在接收信息
2024/5/10 11:11:46 [INFO] 邮件接收完毕
2024/5/10 11:11:46 [INFO] 准备接收邮件
2024/5/10 11:11:46 [OBTAIN] 正在接收信息
2024/5/10 11:11:46 [INFO] 邮件接收完毕
2024/5/10 11:11:46 [INFO] 准备接收邮件
2024/5/10 11:11:46 [OBTAIN] 正在接收信息
2024/5/10 11:11:46 [INFO] 邮件接收完毕
2024/5/10 11:11:46 [INFO] 准备接收邮件
2024/5/10 11:11:46 [OBTAIN] 正在接收信息
2024/5/10 11:11:46 [INFO] 邮件接收完毕
2024/5/10 11:11:46 [INFO] 收件箱接收完毕正在向数据表中添加
2024/5/10 11:11:46 [INFO] 添加完毕
2024/5/10 11:11:46 [INFO] 准备接收草稿箱
2024/5/10 11:11:46 [INFO] 准备接收邮件
2024/5/10 11:11:46 [OBTAIN] 正在接收信息
2024/5/10 11:11:46 [INFO] 邮件接收完毕
2024/5/10 11:11:46 [INFO] 准备接收邮件
2024/5/10 11:11:46 [OBTAIN] 正在接收信息
2024/5/10 11:11:46 [INFO] 邮件接收完毕
2024/5/10 11:11:46 [INFO] 草稿箱接收完毕，正在向数据表中添加
2024/5/10 11:11:46 [INFO] 添加完毕
2024/5/10 11:12:27 [INFO] 正在初始化邮件信息
2024/5/10 11:12:27 [INFO] 邮件初始化完毕
2024/5/10 11:12:27 [INFO] 邮件已发送
2024/5/10 11:12:30 [INFO] 邮件发送完毕
2024/5/10 11:12:33 [EXIT] 退出客户端
2024/5/10 11:12:59 [LOGIN] 成功与服务器建立连接
2024/5/10 11:12:59 [INFO] 消息接收循环开始
2024/5/10 11:12:59 [GET] 密钥验证通过，IMAP与SMTP服务器准许登入
2024/5/10 11:12:59 [GET] 请求访问收件箱
2024/5/10 11:12:59 [GET] 请求访问草稿箱
2024/5/10 11:13:01 [INFO] 准备接收收件箱
2024/5/10 11:13:01 [INFO] 准备接收邮件
2024/5/10 11:13:01 [OBTAIN] 正在接收信息
2024/5/10 11:13:01 [INFO] 邮件接收完毕
2024/5/10 11:13:01 [INFO] 准备接收邮件
2024/5/10 11:13:01 [OBTAIN] 正在接收信息
2024/5/10 11:13:01 [INFO] 邮件接收完毕
2024/5/10 11:13:01 [INFO] 准备接收邮件
2024/5/10 11:13:01 [OBTAIN] 正在接收信息
2024/5/10 11:13:01 [INFO] 邮件接收完毕
2024/5/10 11:13:01 [INFO] 准备接收邮件
2024/5/10 11:13:01 [OBTAIN] 正在接收信息
2024/5/10 11:13:01 [INFO] 邮件接收完毕
2024/5/10 11:13:01 [INFO] 准备接收邮件
2024/5/10 11:13:01 [OBTAIN] 正在接收信息
2024/5/10 11:13:01 [INFO] 邮件接收完毕
2024/5/10 11:13:01 [INFO] 准备接收邮件
2024/5/10 11:13:01 [OBTAIN] 正在接收信息
2024/5/10 11:13:01 [INFO] 邮件接收完毕
2024/5/10 11:13:01 [INFO] 准备接收邮件
2024/5/10 11:13:01 [OBTAIN] 正在接收信息
2024/5/10 11:13:01 [INFO] 邮件接收完毕
2024/5/10 11:13:01 [INFO] 准备接收邮件
2024/5/10 11:13:01 [OBTAIN] 正在接收信息
2024/5/10 11:13:01 [INFO] 邮件接收完毕
2024/5/10 11:13:01 [INFO] 准备接收邮件
2024/5/10 11:13:01 [OBTAIN] 正在接收信息
2024/5/10 11:13:01 [INFO] 邮件接收完毕
2024/5/10 11:13:01 [INFO] 准备接收邮件
2024/5/10 11:13:01 [OBTAIN] 正在接收信息
2024/5/10 11:13:01 [INFO] 邮件接收完毕
2024/5/10 11:13:01 [INFO] 准备接收邮件
2024/5/10 11:13:01 [OBTAIN] 正在接收信息
2024/5/10 11:13:01 [INFO] 邮件接收完毕
2024/5/10 11:13:01 [INFO] 准备接收邮件
2024/5/10 11:13:01 [OBTAIN] 正在接收信息
2024/5/10 11:13:01 [INFO] 邮件接收完毕
2024/5/10 11:13:01 [INFO] 准备接收邮件
2024/5/10 11:13:01 [OBTAIN] 正在接收信息
2024/5/10 11:13:01 [INFO] 邮件接收完毕
2024/5/10 11:13:01 [INFO] 收件箱接收完毕正在向数据表中添加
2024/5/10 11:13:01 [INFO] 添加完毕
2024/5/10 11:13:02 [INFO] 准备接收草稿箱
2024/5/10 11:13:02 [INFO] 准备接收邮件
2024/5/10 11:13:02 [OBTAIN] 正在接收信息
2024/5/10 11:13:02 [INFO] 邮件接收完毕
2024/5/10 11:13:02 [INFO] 准备接收邮件
2024/5/10 11:13:02 [OBTAIN] 正在接收信息
2024/5/10 11:13:02 [INFO] 邮件接收完毕
2024/5/10 11:13:02 [INFO] 草稿箱接收完毕，正在向数据表中添加
2024/5/10 11:13:02 [INFO] 添加完毕
2024/5/10 11:13:25 [EXIT] 退出客户端
2024/5/10 11:16:53 [LOGIN] 成功与服务器建立连接
2024/5/10 11:16:53 [INFO] 消息接收循环开始
2024/5/10 11:16:53 [GET] 密钥验证通过，IMAP与SMTP服务器准许登入
2024/5/10 11:16:53 [GET] 请求访问收件箱
2024/5/10 11:16:53 [GET] 请求访问草稿箱
2024/5/10 11:16:55 [INFO] 准备接收收件箱
2024/5/10 11:16:55 [INFO] 准备接收邮件
2024/5/10 11:16:55 [OBTAIN] 正在接收信息
2024/5/10 11:16:55 [INFO] 邮件接收完毕
2024/5/10 11:16:55 [INFO] 准备接收邮件
2024/5/10 11:16:55 [OBTAIN] 正在接收信息
2024/5/10 11:16:55 [INFO] 邮件接收完毕
2024/5/10 11:16:55 [INFO] 准备接收邮件
2024/5/10 11:16:55 [OBTAIN] 正在接收信息
2024/5/10 11:16:55 [INFO] 邮件接收完毕
2024/5/10 11:16:55 [INFO] 准备接收邮件
2024/5/10 11:16:55 [OBTAIN] 正在接收信息
2024/5/10 11:16:55 [INFO] 邮件接收完毕
2024/5/10 11:16:55 [INFO] 准备接收邮件
2024/5/10 11:16:55 [OBTAIN] 正在接收信息
2024/5/10 11:16:55 [INFO] 邮件接收完毕
2024/5/10 11:16:55 [INFO] 准备接收邮件
2024/5/10 11:16:55 [OBTAIN] 正在接收信息
2024/5/10 11:16:55 [INFO] 邮件接收完毕
2024/5/10 11:16:55 [INFO] 准备接收邮件
2024/5/10 11:16:55 [OBTAIN] 正在接收信息
2024/5/10 11:16:55 [INFO] 邮件接收完毕
2024/5/10 11:16:55 [INFO] 准备接收邮件
2024/5/10 11:16:55 [OBTAIN] 正在接收信息
2024/5/10 11:16:55 [INFO] 邮件接收完毕
2024/5/10 11:16:55 [INFO] 准备接收邮件
2024/5/10 11:16:55 [OBTAIN] 正在接收信息
2024/5/10 11:16:55 [INFO] 邮件接收完毕
2024/5/10 11:16:55 [INFO] 准备接收邮件
2024/5/10 11:16:55 [OBTAIN] 正在接收信息
2024/5/10 11:16:55 [INFO] 邮件接收完毕
2024/5/10 11:16:55 [INFO] 准备接收邮件
2024/5/10 11:16:55 [OBTAIN] 正在接收信息
2024/5/10 11:16:55 [INFO] 邮件接收完毕
2024/5/10 11:16:55 [INFO] 准备接收邮件
2024/5/10 11:16:55 [OBTAIN] 正在接收信息
2024/5/10 11:16:55 [INFO] 邮件接收完毕
2024/5/10 11:16:55 [INFO] 准备接收邮件
2024/5/10 11:16:55 [OBTAIN] 正在接收信息
2024/5/10 11:16:55 [INFO] 邮件接收完毕
2024/5/10 11:16:55 [INFO] 收件箱接收完毕正在向数据表中添加
2024/5/10 11:16:55 [INFO] 添加完毕
2024/5/10 11:16:55 [INFO] 准备接收草稿箱
2024/5/10 11:16:55 [INFO] 准备接收邮件
2024/5/10 11:16:55 [OBTAIN] 正在接收信息
2024/5/10 11:16:55 [INFO] 邮件接收完毕
2024/5/10 11:16:55 [INFO] 准备接收邮件
2024/5/10 11:16:55 [OBTAIN] 正在接收信息
2024/5/10 11:16:55 [INFO] 邮件接收完毕
2024/5/10 11:16:55 [INFO] 草稿箱接收完毕，正在向数据表中添加
2024/5/10 11:16:55 [INFO] 添加完毕
2024/5/10 11:17:32 [EXIT] 退出客户端
2024/5/10 19:33:15 [LOGIN] 成功与服务器建立连接
2024/5/10 19:33:15 [INFO] 消息接收循环开始
2024/5/10 19:33:15 [GET] 密钥验证通过，IMAP与SMTP服务器准许登入
2024/5/10 19:33:15 [GET] 请求访问收件箱
2024/5/10 19:33:15 [GET] 请求访问草稿箱
2024/5/10 19:33:17 [INFO] 准备接收收件箱
2024/5/10 19:33:17 [INFO] 准备接收邮件
2024/5/10 19:33:17 [OBTAIN] 正在接收信息
2024/5/10 19:33:17 [INFO] 邮件接收完毕
2024/5/10 19:33:17 [INFO] 准备接收邮件
2024/5/10 19:33:17 [OBTAIN] 正在接收信息
2024/5/10 19:33:17 [INFO] 邮件接收完毕
2024/5/10 19:33:17 [INFO] 准备接收邮件
2024/5/10 19:33:17 [OBTAIN] 正在接收信息
2024/5/10 19:33:17 [INFO] 邮件接收完毕
2024/5/10 19:33:17 [INFO] 准备接收邮件
2024/5/10 19:33:17 [OBTAIN] 正在接收信息
2024/5/10 19:33:17 [INFO] 邮件接收完毕
2024/5/10 19:33:17 [INFO] 准备接收邮件
2024/5/10 19:33:17 [OBTAIN] 正在接收信息
2024/5/10 19:33:17 [INFO] 邮件接收完毕
2024/5/10 19:33:17 [INFO] 准备接收邮件
2024/5/10 19:33:17 [OBTAIN] 正在接收信息
2024/5/10 19:33:17 [INFO] 邮件接收完毕
2024/5/10 19:33:17 [INFO] 准备接收邮件
2024/5/10 19:33:17 [OBTAIN] 正在接收信息
2024/5/10 19:33:17 [INFO] 邮件接收完毕
2024/5/10 19:33:17 [INFO] 准备接收邮件
2024/5/10 19:33:17 [OBTAIN] 正在接收信息
2024/5/10 19:33:17 [INFO] 邮件接收完毕
2024/5/10 19:33:17 [INFO] 准备接收邮件
2024/5/10 19:33:17 [OBTAIN] 正在接收信息
2024/5/10 19:33:17 [INFO] 邮件接收完毕
2024/5/10 19:33:17 [INFO] 准备接收邮件
2024/5/10 19:33:17 [OBTAIN] 正在接收信息
2024/5/10 19:33:17 [INFO] 邮件接收完毕
2024/5/10 19:33:17 [INFO] 准备接收邮件
2024/5/10 19:33:17 [OBTAIN] 正在接收信息
2024/5/10 19:33:17 [INFO] 邮件接收完毕
2024/5/10 19:33:17 [INFO] 准备接收邮件
2024/5/10 19:33:17 [OBTAIN] 正在接收信息
2024/5/10 19:33:17 [INFO] 邮件接收完毕
2024/5/10 19:33:17 [INFO] 准备接收邮件
2024/5/10 19:33:17 [OBTAIN] 正在接收信息
2024/5/10 19:33:17 [INFO] 邮件接收完毕
2024/5/10 19:33:17 [INFO] 收件箱接收完毕正在向数据表中添加
2024/5/10 19:33:17 [INFO] 添加完毕
2024/5/10 19:33:17 [INFO] 准备接收草稿箱
2024/5/10 19:33:17 [INFO] 准备接收邮件
2024/5/10 19:33:17 [OBTAIN] 正在接收信息
2024/5/10 19:33:17 [INFO] 邮件接收完毕
2024/5/10 19:33:17 [INFO] 准备接收邮件
2024/5/10 19:33:17 [OBTAIN] 正在接收信息
2024/5/10 19:33:17 [INFO] 邮件接收完毕
2024/5/10 19:33:17 [INFO] 草稿箱接收完毕，正在向数据表中添加
2024/5/10 19:33:17 [INFO] 添加完毕
2024/5/10 19:33:25 [ERROR] 接收信息错误 - 原因:Unable to read data from the transport connection: 远程主机强迫关闭了一个现有的连接。.
2024/5/10 19:33:38 [EXIT] 退出客户端
2024/5/10 19:34:23 [LOGIN] 成功与服务器建立连接
2024/5/10 19:34:23 [INFO] 消息接收循环开始
2024/5/10 19:34:23 [GET] 密钥验证通过，IMAP与SMTP服务器准许登入
2024/5/10 19:34:23 [GET] 请求访问收件箱
2024/5/10 19:34:23 [GET] 请求访问草稿箱
2024/5/10 19:34:27 [INFO] 准备接收收件箱
2024/5/10 19:34:27 [INFO] 准备接收邮件
2024/5/10 19:34:27 [OBTAIN] 正在接收信息
2024/5/10 19:34:27 [INFO] 邮件接收完毕
2024/5/10 19:34:27 [INFO] 准备接收邮件
2024/5/10 19:34:27 [OBTAIN] 正在接收信息
2024/5/10 19:34:27 [INFO] 邮件接收完毕
2024/5/10 19:34:27 [INFO] 准备接收邮件
2024/5/10 19:34:27 [OBTAIN] 正在接收信息
2024/5/10 19:34:27 [INFO] 邮件接收完毕
2024/5/10 19:34:27 [INFO] 准备接收邮件
2024/5/10 19:34:27 [OBTAIN] 正在接收信息
2024/5/10 19:34:27 [INFO] 邮件接收完毕
2024/5/10 19:34:27 [INFO] 准备接收邮件
2024/5/10 19:34:27 [OBTAIN] 正在接收信息
2024/5/10 19:34:27 [INFO] 邮件接收完毕
2024/5/10 19:34:27 [INFO] 准备接收邮件
2024/5/10 19:34:27 [OBTAIN] 正在接收信息
2024/5/10 19:34:27 [INFO] 邮件接收完毕
2024/5/10 19:34:27 [INFO] 准备接收邮件
2024/5/10 19:34:27 [OBTAIN] 正在接收信息
2024/5/10 19:34:27 [INFO] 邮件接收完毕
2024/5/10 19:34:27 [INFO] 准备接收邮件
2024/5/10 19:34:27 [OBTAIN] 正在接收信息
2024/5/10 19:34:27 [INFO] 邮件接收完毕
2024/5/10 19:34:27 [INFO] 准备接收邮件
2024/5/10 19:34:27 [OBTAIN] 正在接收信息
2024/5/10 19:34:27 [INFO] 邮件接收完毕
2024/5/10 19:34:27 [INFO] 准备接收邮件
2024/5/10 19:34:27 [OBTAIN] 正在接收信息
2024/5/10 19:34:27 [INFO] 邮件接收完毕
2024/5/10 19:34:27 [INFO] 准备接收邮件
2024/5/10 19:34:27 [OBTAIN] 正在接收信息
2024/5/10 19:34:27 [INFO] 邮件接收完毕
2024/5/10 19:34:27 [INFO] 准备接收邮件
2024/5/10 19:34:27 [OBTAIN] 正在接收信息
2024/5/10 19:34:27 [INFO] 邮件接收完毕
2024/5/10 19:34:27 [INFO] 准备接收邮件
2024/5/10 19:34:27 [OBTAIN] 正在接收信息
2024/5/10 19:34:27 [INFO] 邮件接收完毕
2024/5/10 19:34:27 [INFO] 收件箱接收完毕正在向数据表中添加
2024/5/10 19:34:27 [INFO] 添加完毕
2024/5/10 19:34:27 [INFO] 准备接收草稿箱
2024/5/10 19:34:27 [INFO] 准备接收邮件
2024/5/10 19:34:27 [OBTAIN] 正在接收信息
2024/5/10 19:34:27 [INFO] 邮件接收完毕
2024/5/10 19:34:27 [INFO] 准备接收邮件
2024/5/10 19:34:28 [OBTAIN] 正在接收信息
2024/5/10 19:34:28 [INFO] 邮件接收完毕
2024/5/10 19:34:28 [INFO] 草稿箱接收完毕，正在向数据表中添加
2024/5/10 19:34:28 [INFO] 添加完毕
2024/5/10 19:34:36 [ERROR] 接收信息错误 - 原因:Unable to read data from the transport connection: 远程主机强迫关闭了一个现有的连接。.
2024/5/10 19:34:50 [EXIT] 退出客户端
2024/5/10 19:37:02 [LOGIN] 成功与服务器建立连接
2024/5/10 19:37:02 [INFO] 消息接收循环开始
2024/5/10 19:37:02 [GET] 密钥验证通过，IMAP与SMTP服务器准许登入
2024/5/10 19:37:02 [GET] 请求访问收件箱
2024/5/10 19:37:02 [GET] 请求访问草稿箱
2024/5/10 19:37:04 [INFO] 准备接收收件箱
2024/5/10 19:37:04 [INFO] 准备接收邮件
2024/5/10 19:37:04 [OBTAIN] 正在接收信息
2024/5/10 19:37:04 [INFO] 邮件接收完毕
2024/5/10 19:37:04 [INFO] 准备接收邮件
2024/5/10 19:37:04 [OBTAIN] 正在接收信息
2024/5/10 19:37:04 [INFO] 邮件接收完毕
2024/5/10 19:37:04 [INFO] 准备接收邮件
2024/5/10 19:37:04 [OBTAIN] 正在接收信息
2024/5/10 19:37:04 [INFO] 邮件接收完毕
2024/5/10 19:37:04 [INFO] 准备接收邮件
2024/5/10 19:37:04 [OBTAIN] 正在接收信息
2024/5/10 19:37:04 [INFO] 邮件接收完毕
2024/5/10 19:37:04 [INFO] 准备接收邮件
2024/5/10 19:37:04 [OBTAIN] 正在接收信息
2024/5/10 19:37:04 [INFO] 邮件接收完毕
2024/5/10 19:37:04 [INFO] 准备接收邮件
2024/5/10 19:37:04 [OBTAIN] 正在接收信息
2024/5/10 19:37:04 [INFO] 邮件接收完毕
2024/5/10 19:37:04 [INFO] 准备接收邮件
2024/5/10 19:37:04 [OBTAIN] 正在接收信息
2024/5/10 19:37:04 [INFO] 邮件接收完毕
2024/5/10 19:37:04 [INFO] 准备接收邮件
2024/5/10 19:37:04 [OBTAIN] 正在接收信息
2024/5/10 19:37:04 [INFO] 邮件接收完毕
2024/5/10 19:37:04 [INFO] 准备接收邮件
2024/5/10 19:37:04 [OBTAIN] 正在接收信息
2024/5/10 19:37:04 [INFO] 邮件接收完毕
2024/5/10 19:37:04 [INFO] 准备接收邮件
2024/5/10 19:37:04 [OBTAIN] 正在接收信息
2024/5/10 19:37:04 [INFO] 邮件接收完毕
2024/5/10 19:37:04 [INFO] 准备接收邮件
2024/5/10 19:37:04 [OBTAIN] 正在接收信息
2024/5/10 19:37:04 [INFO] 邮件接收完毕
2024/5/10 19:37:04 [INFO] 准备接收邮件
2024/5/10 19:37:04 [OBTAIN] 正在接收信息
2024/5/10 19:37:04 [INFO] 邮件接收完毕
2024/5/10 19:37:04 [INFO] 准备接收邮件
2024/5/10 19:37:04 [OBTAIN] 正在接收信息
2024/5/10 19:37:04 [INFO] 邮件接收完毕
2024/5/10 19:37:04 [INFO] 收件箱接收完毕正在向数据表中添加
2024/5/10 19:37:04 [INFO] 添加完毕
2024/5/10 19:37:05 [INFO] 准备接收草稿箱
2024/5/10 19:37:05 [INFO] 准备接收邮件
2024/5/10 19:37:05 [OBTAIN] 正在接收信息
2024/5/10 19:37:05 [INFO] 邮件接收完毕
2024/5/10 19:37:05 [INFO] 准备接收邮件
2024/5/10 19:37:05 [OBTAIN] 正在接收信息
2024/5/10 19:37:05 [INFO] 邮件接收完毕
2024/5/10 19:37:05 [INFO] 草稿箱接收完毕，正在向数据表中添加
2024/5/10 19:37:05 [INFO] 添加完毕
2024/5/10 19:37:11 [ERROR] 接收信息错误 - 原因:Unable to read data from the transport connection: 远程主机强迫关闭了一个现有的连接。.
2024/5/10 19:37:29 [EXIT] 退出客户端
2024/5/10 19:37:40 [LOGIN] 成功与服务器建立连接
2024/5/10 19:37:40 [INFO] 消息接收循环开始
2024/5/10 19:37:40 [GET] 密钥验证通过，IMAP与SMTP服务器准许登入
2024/5/10 19:37:40 [GET] 请求访问收件箱
2024/5/10 19:37:40 [GET] 请求访问草稿箱
2024/5/10 19:37:41 [INFO] 准备接收收件箱
2024/5/10 19:37:41 [INFO] 准备接收邮件
2024/5/10 19:37:42 [OBTAIN] 正在接收信息
2024/5/10 19:37:42 [INFO] 邮件接收完毕
2024/5/10 19:37:42 [INFO] 准备接收邮件
2024/5/10 19:37:42 [OBTAIN] 正在接收信息
2024/5/10 19:37:42 [INFO] 邮件接收完毕
2024/5/10 19:37:42 [INFO] 准备接收邮件
2024/5/10 19:37:42 [OBTAIN] 正在接收信息
2024/5/10 19:37:42 [INFO] 邮件接收完毕
2024/5/10 19:37:42 [INFO] 准备接收邮件
2024/5/10 19:37:42 [OBTAIN] 正在接收信息
2024/5/10 19:37:42 [INFO] 邮件接收完毕
2024/5/10 19:37:42 [INFO] 准备接收邮件
2024/5/10 19:37:42 [OBTAIN] 正在接收信息
2024/5/10 19:37:42 [INFO] 邮件接收完毕
2024/5/10 19:37:42 [INFO] 准备接收邮件
2024/5/10 19:37:42 [OBTAIN] 正在接收信息
2024/5/10 19:37:42 [INFO] 邮件接收完毕
2024/5/10 19:37:42 [INFO] 准备接收邮件
2024/5/10 19:37:42 [OBTAIN] 正在接收信息
2024/5/10 19:37:42 [INFO] 邮件接收完毕
2024/5/10 19:37:42 [INFO] 准备接收邮件
2024/5/10 19:37:42 [OBTAIN] 正在接收信息
2024/5/10 19:37:42 [INFO] 邮件接收完毕
2024/5/10 19:37:42 [INFO] 准备接收邮件
2024/5/10 19:37:42 [OBTAIN] 正在接收信息
2024/5/10 19:37:42 [INFO] 邮件接收完毕
2024/5/10 19:37:42 [INFO] 准备接收邮件
2024/5/10 19:37:42 [OBTAIN] 正在接收信息
2024/5/10 19:37:42 [INFO] 邮件接收完毕
2024/5/10 19:37:42 [INFO] 准备接收邮件
2024/5/10 19:37:42 [OBTAIN] 正在接收信息
2024/5/10 19:37:42 [INFO] 邮件接收完毕
2024/5/10 19:37:42 [INFO] 准备接收邮件
2024/5/10 19:37:42 [OBTAIN] 正在接收信息
2024/5/10 19:37:42 [INFO] 邮件接收完毕
2024/5/10 19:37:42 [INFO] 准备接收邮件
2024/5/10 19:37:42 [OBTAIN] 正在接收信息
2024/5/10 19:37:42 [INFO] 邮件接收完毕
2024/5/10 19:37:42 [INFO] 收件箱接收完毕正在向数据表中添加
2024/5/10 19:37:42 [INFO] 添加完毕
2024/5/10 19:37:42 [INFO] 准备接收草稿箱
2024/5/10 19:37:42 [INFO] 准备接收邮件
2024/5/10 19:37:42 [OBTAIN] 正在接收信息
2024/5/10 19:37:42 [INFO] 邮件接收完毕
2024/5/10 19:37:42 [INFO] 准备接收邮件
2024/5/10 19:37:42 [OBTAIN] 正在接收信息
2024/5/10 19:37:42 [INFO] 邮件接收完毕
2024/5/10 19:37:42 [INFO] 草稿箱接收完毕，正在向数据表中添加
2024/5/10 19:37:42 [INFO] 添加完毕
2024/5/10 19:37:55 [EXIT] 退出客户端
2024/5/10 19:38:02 [LOGIN] 成功与服务器建立连接
2024/5/10 19:38:02 [INFO] 消息接收循环开始
2024/5/10 19:38:02 [GET] 密钥验证通过，IMAP与SMTP服务器准许登入
2024/5/10 19:38:02 [GET] 请求访问收件箱
2024/5/10 19:38:02 [GET] 请求访问草稿箱
2024/5/10 19:38:04 [INFO] 准备接收收件箱
2024/5/10 19:38:04 [INFO] 准备接收邮件
2024/5/10 19:38:04 [OBTAIN] 正在接收信息
2024/5/10 19:38:04 [INFO] 邮件接收完毕
2024/5/10 19:38:04 [INFO] 准备接收邮件
2024/5/10 19:38:04 [OBTAIN] 正在接收信息
2024/5/10 19:38:04 [INFO] 邮件接收完毕
2024/5/10 19:38:04 [INFO] 准备接收邮件
2024/5/10 19:38:04 [OBTAIN] 正在接收信息
2024/5/10 19:38:04 [INFO] 邮件接收完毕
2024/5/10 19:38:04 [INFO] 准备接收邮件
2024/5/10 19:38:04 [OBTAIN] 正在接收信息
2024/5/10 19:38:04 [INFO] 邮件接收完毕
2024/5/10 19:38:04 [INFO] 准备接收邮件
2024/5/10 19:38:04 [OBTAIN] 正在接收信息
2024/5/10 19:38:04 [INFO] 邮件接收完毕
2024/5/10 19:38:04 [INFO] 准备接收邮件
2024/5/10 19:38:04 [OBTAIN] 正在接收信息
2024/5/10 19:38:04 [INFO] 邮件接收完毕
2024/5/10 19:38:04 [INFO] 准备接收邮件
2024/5/10 19:38:04 [OBTAIN] 正在接收信息
2024/5/10 19:38:04 [INFO] 邮件接收完毕
2024/5/10 19:38:04 [INFO] 准备接收邮件
2024/5/10 19:38:04 [OBTAIN] 正在接收信息
2024/5/10 19:38:04 [INFO] 邮件接收完毕
2024/5/10 19:38:04 [INFO] 准备接收邮件
2024/5/10 19:38:04 [OBTAIN] 正在接收信息
2024/5/10 19:38:04 [INFO] 邮件接收完毕
2024/5/10 19:38:04 [INFO] 准备接收邮件
2024/5/10 19:38:04 [OBTAIN] 正在接收信息
2024/5/10 19:38:04 [INFO] 邮件接收完毕
2024/5/10 19:38:04 [INFO] 准备接收邮件
2024/5/10 19:38:04 [OBTAIN] 正在接收信息
2024/5/10 19:38:04 [INFO] 邮件接收完毕
2024/5/10 19:38:04 [INFO] 准备接收邮件
2024/5/10 19:38:04 [OBTAIN] 正在接收信息
2024/5/10 19:38:04 [INFO] 邮件接收完毕
2024/5/10 19:38:04 [INFO] 准备接收邮件
2024/5/10 19:38:04 [OBTAIN] 正在接收信息
2024/5/10 19:38:04 [INFO] 邮件接收完毕
2024/5/10 19:38:04 [INFO] 收件箱接收完毕正在向数据表中添加
2024/5/10 19:38:04 [INFO] 添加完毕
2024/5/10 19:38:04 [INFO] 准备接收草稿箱
2024/5/10 19:38:04 [INFO] 准备接收邮件
2024/5/10 19:38:04 [OBTAIN] 正在接收信息
2024/5/10 19:38:04 [INFO] 邮件接收完毕
2024/5/10 19:38:04 [INFO] 准备接收邮件
2024/5/10 19:38:04 [OBTAIN] 正在接收信息
2024/5/10 19:38:04 [INFO] 邮件接收完毕
2024/5/10 19:38:04 [INFO] 草稿箱接收完毕，正在向数据表中添加
2024/5/10 19:38:04 [INFO] 添加完毕
2024/5/10 19:38:12 [EXIT] 退出客户端
2024/5/10 19:44:13 [LOGIN] 成功与服务器建立连接
2024/5/10 19:44:13 [INFO] 消息接收循环开始
2024/5/10 19:44:13 [GET] 密钥验证通过，IMAP与SMTP服务器准许登入
2024/5/10 19:44:13 [GET] 请求访问收件箱
2024/5/10 19:44:13 [GET] 请求访问草稿箱
2024/5/10 19:44:16 [INFO] 准备接收收件箱
2024/5/10 19:44:16 [INFO] 准备接收邮件
2024/5/10 19:44:16 [OBTAIN] 正在接收信息
2024/5/10 19:44:16 [INFO] 邮件接收完毕
2024/5/10 19:44:16 [INFO] 准备接收邮件
2024/5/10 19:44:16 [OBTAIN] 正在接收信息
2024/5/10 19:44:16 [INFO] 邮件接收完毕
2024/5/10 19:44:16 [INFO] 准备接收邮件
2024/5/10 19:44:16 [OBTAIN] 正在接收信息
2024/5/10 19:44:16 [INFO] 邮件接收完毕
2024/5/10 19:44:16 [INFO] 准备接收邮件
2024/5/10 19:44:16 [OBTAIN] 正在接收信息
2024/5/10 19:44:16 [INFO] 邮件接收完毕
2024/5/10 19:44:16 [INFO] 准备接收邮件
2024/5/10 19:44:16 [OBTAIN] 正在接收信息
2024/5/10 19:44:16 [INFO] 邮件接收完毕
2024/5/10 19:44:16 [INFO] 准备接收邮件
2024/5/10 19:44:16 [OBTAIN] 正在接收信息
2024/5/10 19:44:16 [INFO] 邮件接收完毕
2024/5/10 19:44:16 [INFO] 准备接收邮件
2024/5/10 19:44:16 [OBTAIN] 正在接收信息
2024/5/10 19:44:16 [INFO] 邮件接收完毕
2024/5/10 19:44:16 [INFO] 准备接收邮件
2024/5/10 19:44:16 [OBTAIN] 正在接收信息
2024/5/10 19:44:16 [INFO] 邮件接收完毕
2024/5/10 19:44:16 [INFO] 准备接收邮件
2024/5/10 19:44:16 [OBTAIN] 正在接收信息
2024/5/10 19:44:16 [INFO] 邮件接收完毕
2024/5/10 19:44:16 [INFO] 准备接收邮件
2024/5/10 19:44:16 [OBTAIN] 正在接收信息
2024/5/10 19:44:16 [INFO] 邮件接收完毕
2024/5/10 19:44:16 [INFO] 准备接收邮件
2024/5/10 19:44:16 [OBTAIN] 正在接收信息
2024/5/10 19:44:16 [INFO] 邮件接收完毕
2024/5/10 19:44:16 [INFO] 准备接收邮件
2024/5/10 19:44:16 [OBTAIN] 正在接收信息
2024/5/10 19:44:16 [INFO] 邮件接收完毕
2024/5/10 19:44:16 [INFO] 准备接收邮件
2024/5/10 19:44:16 [OBTAIN] 正在接收信息
2024/5/10 19:44:16 [INFO] 邮件接收完毕
2024/5/10 19:44:16 [INFO] 收件箱接收完毕正在向数据表中添加
2024/5/10 19:44:16 [INFO] 添加完毕
2024/5/10 19:44:16 [INFO] 准备接收草稿箱
2024/5/10 19:44:16 [INFO] 准备接收邮件
2024/5/10 19:44:16 [OBTAIN] 正在接收信息
2024/5/10 19:44:16 [INFO] 邮件接收完毕
2024/5/10 19:44:16 [INFO] 准备接收邮件
2024/5/10 19:44:16 [OBTAIN] 正在接收信息
2024/5/10 19:44:16 [INFO] 邮件接收完毕
2024/5/10 19:44:16 [INFO] 草稿箱接收完毕，正在向数据表中添加
2024/5/10 19:44:16 [INFO] 添加完毕
2024/5/10 19:44:24 [ERROR] 接收信息错误 - 原因:Unable to read data from the transport connection: 远程主机强迫关闭了一个现有的连接。.
2024/5/10 19:44:36 [EXIT] 退出客户端
