2024/5/9 18:57:55 [INFO] 程序启动日志开始记录
2024/5/9 18:57:55 [INFO] 服务器正在监听 - 地址: 127.0.0.1 - 端口: 25535
2024/5/9 18:57:57 [INFO] 用户登录,准备进行身份验证
2024/5/9 18:57:57 [INFO] SMTP服务器收到登录请求 - 地址:
2024/5/9 18:57:57 [INFO] SMTP请求允许,准备接收密码
2024/5/9 18:57:59 [INFO] IMAP登入成功
2024/5/9 18:57:59 [INFO] IMAP登入成功
2024/5/9 18:57:59 [INFO] 客户端请求访问收件箱
2024/5/9 18:57:59 [INFO] 允许访问收件箱
2024/5/9 18:57:59 [INFO] 正在加载收件箱
2024/5/9 18:58:00 [INFO] 收件箱加载完毕,共10条数据
2024/5/9 18:58:00 [INFO] 尝试向用户发送收件箱内容
2024/5/9 18:58:00 [INFO] 发送完毕
2024/5/9 18:58:00 [INFO] 客户端请求访问草稿箱
2024/5/9 18:58:00 [INFO] 允许访问草稿箱
2024/5/9 18:58:00 [INFO] 正在加载草稿箱
2024/5/9 18:58:01 [INFO] 收件箱加载完毕,共2条数据
2024/5/9 18:58:01 [INFO] 尝试向用户发送草稿箱内容
2024/5/9 18:58:01 [INFO] 发送完毕
2024/5/10 10:55:17 [INFO] 程序启动日志开始记录
2024/5/10 10:55:17 [INFO] 服务器正在监听 - 地址: 127.0.0.1 - 端口: 25535
2024/5/10 10:55:19 [INFO] 用户登录,准备进行身份验证
2024/5/10 10:55:19 [INFO] SMTP服务器收到登录请求 - 地址:
2024/5/10 10:55:19 [INFO] SMTP请求允许,准备接收密码
2024/5/10 10:55:20 [INFO] IMAP登入成功
2024/5/10 10:55:21 [INFO] IMAP登入成功
2024/5/10 10:55:21 [INFO] 客户端请求访问收件箱
2024/5/10 10:55:21 [INFO] 允许访问收件箱
2024/5/10 10:55:21 [INFO] 正在加载收件箱
2024/5/10 10:55:23 [INFO] 收件箱加载完毕,共10条数据
2024/5/10 10:55:23 [INFO] 尝试向用户发送收件箱内容
2024/5/10 10:55:23 [INFO] 发送完毕
2024/5/10 10:55:23 [INFO] 客户端请求访问草稿箱
2024/5/10 10:55:23 [INFO] 允许访问草稿箱
2024/5/10 10:55:23 [INFO] 正在加载草稿箱
2024/5/10 10:55:23 [INFO] 收件箱加载完毕,共2条数据
2024/5/10 10:55:23 [INFO] 尝试向用户发送草稿箱内容
2024/5/10 10:55:23 [INFO] 发送完毕
2024/5/10 11:04:34 [INFO] 程序启动日志开始记录
2024/5/10 11:04:34 [INFO] 服务器正在监听 - 地址: 127.0.0.1 - 端口: 25535
2024/5/10 11:04:36 [INFO] 用户登录,准备进行身份验证
2024/5/10 11:04:36 [INFO] SMTP服务器收到登录请求 - 地址:
2024/5/10 11:04:36 [INFO] SMTP请求允许,准备接收密码
2024/5/10 11:04:36 [INFO] IMAP登入成功
2024/5/10 11:04:37 [INFO] IMAP登入成功
2024/5/10 11:04:37 [INFO] 客户端请求访问收件箱
2024/5/10 11:04:37 [INFO] 允许访问收件箱
2024/5/10 11:04:37 [INFO] 正在加载收件箱
2024/5/10 11:04:39 [INFO] 收件箱加载完毕,共11条数据
2024/5/10 11:04:39 [INFO] 尝试向用户发送收件箱内容
2024/5/10 11:04:39 [INFO] 发送完毕
2024/5/10 11:04:39 [INFO] 客户端请求访问草稿箱
2024/5/10 11:04:39 [INFO] 允许访问草稿箱
2024/5/10 11:04:39 [INFO] 正在加载草稿箱
2024/5/10 11:04:39 [INFO] 收件箱加载完毕,共2条数据
2024/5/10 11:04:39 [INFO] 尝试向用户发送草稿箱内容
2024/5/10 11:04:39 [INFO] 发送完毕
2024/5/10 11:06:04 [INFO] 服务器收到客户端邮件发送请求,开始记录
2024/5/10 11:06:04 [INFO] 成功接收收件人:13569718997@163.com
2024/5/10 11:06:04 [INFO] 成功接收邮件主题:中文+English
2024/5/10 11:06:04 [INFO] 成功接收邮件正文
2024/5/10 11:06:04 [INFO] 成功接收发件人:13569718997@163.com
2024/5/10 11:06:04 [INFO] 邮件内容接收完毕
2024/5/10 11:06:05 [INFO] 邮件成功送达
2024/5/10 11:06:17 [INFO] 程序启动日志开始记录
2024/5/10 11:06:17 [INFO] 服务器正在监听 - 地址: 127.0.0.1 - 端口: 25535
2024/5/10 11:06:20 [INFO] 用户登录,准备进行身份验证
2024/5/10 11:06:20 [INFO] SMTP服务器收到登录请求 - 地址:
2024/5/10 11:06:20 [INFO] SMTP请求允许,准备接收密码
2024/5/10 11:06:21 [INFO] IMAP登入成功
2024/5/10 11:06:21 [INFO] IMAP登入成功
2024/5/10 11:06:21 [INFO] 客户端请求访问收件箱
2024/5/10 11:06:21 [INFO] 允许访问收件箱
2024/5/10 11:06:21 [INFO] 正在加载收件箱
2024/5/10 11:06:23 [INFO] 收件箱加载完毕,共12条数据
2024/5/10 11:06:23 [INFO] 尝试向用户发送收件箱内容
2024/5/10 11:06:23 [INFO] 发送完毕
2024/5/10 11:06:23 [INFO] 客户端请求访问草稿箱
2024/5/10 11:06:23 [INFO] 允许访问草稿箱
2024/5/10 11:06:23 [INFO] 正在加载草稿箱
2024/5/10 11:06:23 [INFO] 收件箱加载完毕,共2条数据
2024/5/10 11:06:23 [INFO] 尝试向用户发送草稿箱内容
2024/5/10 11:06:23 [INFO] 发送完毕
2024/5/10 11:09:03 [INFO] 服务器收到客户端邮件发送请求,开始记录
2024/5/10 11:09:03 [INFO] 成功接收收件人:13568718997@163.com
2024/5/10 11:09:03 [INFO] 成功接收邮件主题:关雎
2024/5/10 11:09:03 [INFO] 成功接收邮件正文
2024/5/10 11:09:03 [INFO] 成功接收发件人:13569718997@163.com
2024/5/10 11:09:03 [INFO] 邮件内容接收完毕
2024/5/10 11:09:05 [ERROR] 邮件发送失败 - 原因:Mailbox unavailable. The server response was: User not found: 13568718997@163.com
2024/5/10 11:10:53 [INFO] 程序启动日志开始记录
2024/5/10 11:10:53 [INFO] 服务器正在监听 - 地址: 127.0.0.1 - 端口: 25535
2024/5/10 11:11:41 [INFO] 程序启动日志开始记录
2024/5/10 11:11:41 [INFO] 服务器正在监听 - 地址: 127.0.0.1 - 端口: 25535
2024/5/10 11:11:43 [INFO] 用户登录,准备进行身份验证
2024/5/10 11:11:43 [INFO] SMTP服务器收到登录请求 - 地址:
2024/5/10 11:11:43 [INFO] SMTP请求允许,准备接收密码
2024/5/10 11:11:44 [INFO] IMAP登入成功
2024/5/10 11:11:45 [INFO] IMAP登入成功
2024/5/10 11:11:45 [INFO] 客户端请求访问收件箱
2024/5/10 11:11:45 [INFO] 允许访问收件箱
2024/5/10 11:11:45 [INFO] 正在加载收件箱
2024/5/10 11:11:46 [INFO] 收件箱加载完毕,共12条数据
2024/5/10 11:11:46 [INFO] 尝试向用户发送收件箱内容
2024/5/10 11:11:46 [INFO] 发送完毕
2024/5/10 11:11:46 [INFO] 客户端请求访问草稿箱
2024/5/10 11:11:46 [INFO] 允许访问草稿箱
2024/5/10 11:11:46 [INFO] 正在加载草稿箱
2024/5/10 11:11:46 [INFO] 收件箱加载完毕,共2条数据
2024/5/10 11:11:46 [INFO] 尝试向用户发送草稿箱内容
2024/5/10 11:11:46 [INFO] 发送完毕
2024/5/10 11:12:27 [INFO] 服务器收到客户端邮件发送请求,开始记录
2024/5/10 11:12:27 [INFO] 成功接收收件人:13569718997@163.com
2024/5/10 11:12:27 [INFO] 成功接收邮件主题:关雎
2024/5/10 11:12:28 [INFO] 成功接收邮件正文
2024/5/10 11:12:28 [INFO] 成功接收发件人:13569718997@163.com
2024/5/10 11:12:28 [INFO] 邮件内容接收完毕
2024/5/10 11:12:29 [INFO] 邮件成功送达
2024/5/10 11:12:56 [INFO] 程序启动日志开始记录
2024/5/10 11:12:56 [INFO] 服务器正在监听 - 地址: 127.0.0.1 - 端口: 25535
2024/5/10 11:12:58 [INFO] 用户登录,准备进行身份验证
2024/5/10 11:12:58 [INFO] SMTP服务器收到登录请求 - 地址:
2024/5/10 11:12:58 [INFO] SMTP请求允许,准备接收密码
2024/5/10 11:12:59 [INFO] IMAP登入成功
2024/5/10 11:13:00 [INFO] IMAP登入成功
2024/5/10 11:13:00 [INFO] 客户端请求访问收件箱
2024/5/10 11:13:00 [INFO] 允许访问收件箱
2024/5/10 11:13:00 [INFO] 正在加载收件箱
2024/5/10 11:13:01 [INFO] 收件箱加载完毕,共13条数据
2024/5/10 11:13:01 [INFO] 尝试向用户发送收件箱内容
2024/5/10 11:13:01 [INFO] 发送完毕
2024/5/10 11:13:01 [INFO] 客户端请求访问草稿箱
2024/5/10 11:13:01 [INFO] 允许访问草稿箱
2024/5/10 11:13:01 [INFO] 正在加载草稿箱
2024/5/10 11:13:02 [INFO] 收件箱加载完毕,共2条数据
2024/5/10 11:13:02 [INFO] 尝试向用户发送草稿箱内容
2024/5/10 11:13:02 [INFO] 发送完毕
2024/5/10 11:16:47 [INFO] 程序启动日志开始记录
2024/5/10 11:16:47 [INFO] 服务器正在监听 - 地址: 127.0.0.1 - 端口: 25535
2024/5/10 11:16:52 [INFO] 用户登录,准备进行身份验证
2024/5/10 11:16:52 [INFO] SMTP服务器收到登录请求 - 地址:
2024/5/10 11:16:52 [INFO] SMTP请求允许,准备接收密码
2024/5/10 11:16:53 [INFO] IMAP登入成功
2024/5/10 11:16:54 [INFO] IMAP登入成功
2024/5/10 11:16:54 [INFO] 客户端请求访问收件箱
2024/5/10 11:16:54 [INFO] 允许访问收件箱
2024/5/10 11:16:54 [INFO] 正在加载收件箱
2024/5/10 11:16:55 [INFO] 收件箱加载完毕,共13条数据
2024/5/10 11:16:55 [INFO] 尝试向用户发送收件箱内容
2024/5/10 11:16:55 [INFO] 发送完毕
2024/5/10 11:16:55 [INFO] 客户端请求访问草稿箱
2024/5/10 11:16:55 [INFO] 允许访问草稿箱
2024/5/10 11:16:55 [INFO] 正在加载草稿箱
2024/5/10 11:16:55 [INFO] 收件箱加载完毕,共2条数据
2024/5/10 11:16:55 [INFO] 尝试向用户发送草稿箱内容
2024/5/10 11:16:55 [INFO] 发送完毕
2024/5/10 19:32:56 [INFO] 程序启动日志开始记录
2024/5/10 19:32:56 [INFO] 服务器正在监听 - 地址: 127.0.0.1 - 端口: 25535
2024/5/10 19:33:12 [INFO] 程序启动日志开始记录
2024/5/10 19:33:12 [INFO] 服务器正在监听 - 地址: 127.0.0.1 - 端口: 25535
2024/5/10 19:33:14 [INFO] 用户登录,准备进行身份验证
2024/5/10 19:33:14 [INFO] SMTP服务器收到登录请求 - 地址:
2024/5/10 19:33:14 [INFO] SMTP请求允许,准备接收密码
2024/5/10 19:33:15 [INFO] IMAP登入成功
2024/5/10 19:33:15 [INFO] IMAP登入成功
2024/5/10 19:33:15 [INFO] 客户端请求访问收件箱
2024/5/10 19:33:15 [INFO] 允许访问收件箱
2024/5/10 19:33:15 [INFO] 正在加载收件箱
2024/5/10 19:33:17 [INFO] 收件箱加载完毕,共13条数据
2024/5/10 19:33:17 [INFO] 尝试向用户发送收件箱内容
2024/5/10 19:33:17 [INFO] 发送完毕
2024/5/10 19:33:17 [INFO] 客户端请求访问草稿箱
2024/5/10 19:33:17 [INFO] 允许访问草稿箱
2024/5/10 19:33:17 [INFO] 正在加载草稿箱
2024/5/10 19:33:17 [INFO] 收件箱加载完毕,共2条数据
2024/5/10 19:33:17 [INFO] 尝试向用户发送草稿箱内容
2024/5/10 19:33:17 [INFO] 发送完毕
2024/5/10 19:34:17 [INFO] 程序启动日志开始记录
2024/5/10 19:34:17 [INFO] 服务器正在监听 - 地址: 127.0.0.1 - 端口: 25535
2024/5/10 19:34:22 [INFO] 用户登录,准备进行身份验证
2024/5/10 19:34:22 [INFO] SMTP服务器收到登录请求 - 地址:
2024/5/10 19:34:22 [INFO] SMTP请求允许,准备接收密码
2024/5/10 19:34:23 [INFO] IMAP登入成功
2024/5/10 19:34:26 [INFO] IMAP登入成功
2024/5/10 19:34:26 [INFO] 客户端请求访问收件箱
2024/5/10 19:34:26 [INFO] 允许访问收件箱
2024/5/10 19:34:26 [INFO] 正在加载收件箱
2024/5/10 19:34:27 [INFO] 收件箱加载完毕,共13条数据
2024/5/10 19:34:27 [INFO] 尝试向用户发送收件箱内容
2024/5/10 19:34:27 [INFO] 发送完毕
2024/5/10 19:34:27 [INFO] 客户端请求访问草稿箱
2024/5/10 19:34:27 [INFO] 允许访问草稿箱
2024/5/10 19:34:27 [INFO] 正在加载草稿箱
2024/5/10 19:34:27 [INFO] 收件箱加载完毕,共2条数据
2024/5/10 19:34:27 [INFO] 尝试向用户发送草稿箱内容
2024/5/10 19:34:28 [INFO] 发送完毕
2024/5/10 19:37:00 [INFO] 程序启动日志开始记录
2024/5/10 19:37:00 [INFO] 服务器正在监听 - 地址: 127.0.0.1 - 端口: 25535
2024/5/10 19:37:02 [INFO] 用户登录,准备进行身份验证
2024/5/10 19:37:02 [INFO] SMTP服务器收到登录请求 - 地址:
2024/5/10 19:37:02 [INFO] SMTP请求允许,准备接收密码
2024/5/10 19:37:02 [INFO] IMAP登入成功
2024/5/10 19:37:03 [INFO] IMAP登入成功
2024/5/10 19:37:03 [INFO] 客户端请求访问收件箱
2024/5/10 19:37:03 [INFO] 允许访问收件箱
2024/5/10 19:37:03 [INFO] 正在加载收件箱
2024/5/10 19:37:04 [INFO] 收件箱加载完毕,共13条数据
2024/5/10 19:37:04 [INFO] 尝试向用户发送收件箱内容
2024/5/10 19:37:04 [INFO] 发送完毕
2024/5/10 19:37:04 [INFO] 客户端请求访问草稿箱
2024/5/10 19:37:04 [INFO] 允许访问草稿箱
2024/5/10 19:37:04 [INFO] 正在加载草稿箱
2024/5/10 19:37:05 [INFO] 收件箱加载完毕,共2条数据
2024/5/10 19:37:05 [INFO] 尝试向用户发送草稿箱内容
2024/5/10 19:37:05 [INFO] 发送完毕
2024/5/10 19:37:37 [INFO] 程序启动日志开始记录
2024/5/10 19:37:37 [INFO] 服务器正在监听 - 地址: 127.0.0.1 - 端口: 25535
2024/5/10 19:37:39 [INFO] 用户登录,准备进行身份验证
2024/5/10 19:37:39 [INFO] SMTP服务器收到登录请求 - 地址:
2024/5/10 19:37:39 [INFO] SMTP请求允许,准备接收密码
2024/5/10 19:37:40 [INFO] IMAP登入成功
2024/5/10 19:37:40 [INFO] IMAP登入成功
2024/5/10 19:37:40 [INFO] 客户端请求访问收件箱
2024/5/10 19:37:40 [INFO] 允许访问收件箱
2024/5/10 19:37:40 [INFO] 正在加载收件箱
2024/5/10 19:37:41 [INFO] 收件箱加载完毕,共13条数据
2024/5/10 19:37:41 [INFO] 尝试向用户发送收件箱内容
2024/5/10 19:37:42 [INFO] 发送完毕
2024/5/10 19:37:42 [INFO] 客户端请求访问草稿箱
2024/5/10 19:37:42 [INFO] 允许访问草稿箱
2024/5/10 19:37:42 [INFO] 正在加载草稿箱
2024/5/10 19:37:42 [INFO] 收件箱加载完毕,共2条数据
2024/5/10 19:37:42 [INFO] 尝试向用户发送草稿箱内容
2024/5/10 19:37:42 [INFO] 发送完毕
2024/5/10 19:37:59 [INFO] 程序启动日志开始记录
2024/5/10 19:38:00 [INFO] 服务器正在监听 - 地址: 127.0.0.1 - 端口: 25535
2024/5/10 19:38:01 [INFO] 用户登录,准备进行身份验证
2024/5/10 19:38:01 [INFO] SMTP服务器收到登录请求 - 地址:
2024/5/10 19:38:01 [INFO] SMTP请求允许,准备接收密码
2024/5/10 19:38:02 [INFO] IMAP登入成功
2024/5/10 19:38:02 [INFO] IMAP登入成功
2024/5/10 19:38:02 [INFO] 客户端请求访问收件箱
2024/5/10 19:38:02 [INFO] 允许访问收件箱
2024/5/10 19:38:02 [INFO] 正在加载收件箱
2024/5/10 19:38:04 [INFO] 收件箱加载完毕,共13条数据
2024/5/10 19:38:04 [INFO] 尝试向用户发送收件箱内容
2024/5/10 19:38:04 [INFO] 发送完毕
2024/5/10 19:38:04 [INFO] 客户端请求访问草稿箱
2024/5/10 19:38:04 [INFO] 允许访问草稿箱
2024/5/10 19:38:04 [INFO] 正在加载草稿箱
2024/5/10 19:38:04 [INFO] 收件箱加载完毕,共2条数据
2024/5/10 19:38:04 [INFO] 尝试向用户发送草稿箱内容
2024/5/10 19:38:04 [INFO] 发送完毕
2024/5/10 19:44:10 [INFO] 程序启动日志开始记录
2024/5/10 19:44:10 [INFO] 服务器正在监听 - 地址: 127.0.0.1 - 端口: 25535
2024/5/10 19:44:12 [INFO] 用户登录,准备进行身份验证
2024/5/10 19:44:12 [INFO] SMTP服务器收到登录请求 - 地址:
2024/5/10 19:44:12 [INFO] SMTP请求允许,准备接收密码
2024/5/10 19:44:13 [INFO] IMAP登入成功
2024/5/10 19:44:15 [INFO] IMAP登入成功
2024/5/10 19:44:15 [INFO] 客户端请求访问收件箱
2024/5/10 19:44:15 [INFO] 允许访问收件箱
2024/5/10 19:44:15 [INFO] 正在加载收件箱
2024/5/10 19:44:16 [INFO] 收件箱加载完毕,共13条数据
2024/5/10 19:44:16 [INFO] 尝试向用户发送收件箱内容
2024/5/10 19:44:16 [INFO] 发送完毕
2024/5/10 19:44:16 [INFO] 客户端请求访问草稿箱
2024/5/10 19:44:16 [INFO] 允许访问草稿箱
2024/5/10 19:44:16 [INFO] 正在加载草稿箱
2024/5/10 19:44:16 [INFO] 收件箱加载完毕,共2条数据
2024/5/10 19:44:16 [INFO] 尝试向用户发送草稿箱内容
2024/5/10 19:44:16 [INFO] 发送完毕
2024/5/10 19:46:00 [INFO] 程序启动日志开始记录
2024/5/10 19:46:00 [INFO] 服务器正在监听 - 地址: 127.0.0.1 - 端口: 25535
